#
# There is insufficient memory for the Java Runtime Environment to continue.
# Native memory allocation (malloc) failed to allocate 188016 bytes for Chunk::new
# Possible reasons:
#   The system is out of physical RAM or swap space
#   In 32 bit mode, the process size limit was hit
# Possible solutions:
#   Reduce memory load on the system
#   Increase physical memory or swap space
#   Check if swap backing store is full
#   Use 64 bit Java on a 64 bit OS
#   Decrease Java heap size (-Xmx/-Xms)
#   Decrease number of Java threads
#   Decrease Java thread stack sizes (-Xss)
#   Set larger code cache with -XX:ReservedCodeCacheSize=
# This output file may be truncated or incomplete.
#
#  Out of Memory Error (allocation.cpp:390), pid=1608, tid=0x0000000000003ce4
#
# JRE version: Java(TM) SE Runtime Environment (8.0_181-b13) (build 1.8.0_181-b13)
# Java VM: Java HotSpot(TM) 64-Bit Server VM (25.181-b13 mixed mode windows-amd64 compressed oops)
# Failed to write core dump. Minidumps are not enabled by default on client versions of Windows
#

---------------  T H R E A D  ---------------

Current thread (0x000000001501f800):  JavaThread "C2 CompilerThread0" daemon [_thread_in_native, id=15588, stack(0x00000000166b0000,0x00000000167b0000)]

Stack: [0x00000000166b0000,0x00000000167b0000]
[error occurred during error reporting (printing stack bounds), id 0xc0000005]

Native frames: (J=compiled Java code, j=interpreted, Vv=VM code, C=native code)


Current CompileTask:
C2:  33716 3107   !   4       com.sun.prism.impl.GlyphCache::getCachedGlyph (461 bytes)


---------------  P R O C E S S  ---------------

Java Threads: ( => current thread )
  0x000000001774d000 JavaThread "Abandoned connection cleanup thread" daemon [_thread_blocked, id=4448, stack(0x00000000201f0000,0x00000000202f0000)]
  0x0000000016b09800 JavaThread "Prism Font Disposer" daemon [_thread_blocked, id=15464, stack(0x000000001e260000,0x000000001e360000)]
  0x0000000017532000 JavaThread "JavaFX-Launcher" [_thread_blocked, id=6956, stack(0x000000001c8a0000,0x000000001c9a0000)]
  0x0000000017524800 JavaThread "Thread-2" daemon [_thread_in_native, id=8268, stack(0x000000001c7a0000,0x000000001c8a0000)]
  0x0000000016b97000 JavaThread "JavaFX Application Thread" [_thread_blocked, id=944, stack(0x0000000017dc0000,0x0000000017ec0000)]
  0x0000000016b94000 JavaThread "Thread-1" daemon [_thread_blocked, id=14212, stack(0x0000000017cc0000,0x0000000017dc0000)]
  0x0000000016b70000 JavaThread "QuantumRenderer-0" daemon [_thread_in_native, id=1740, stack(0x00000000171e0000,0x00000000172e0000)]
  0x00000000167b9800 JavaThread "Service Thread" daemon [_thread_blocked, id=13296, stack(0x0000000016db0000,0x0000000016eb0000)]
  0x00000000167b3000 JavaThread "C1 CompilerThread2" daemon [_thread_blocked, id=12544, stack(0x0000000016cb0000,0x0000000016db0000)]
  0x00000000167b0800 JavaThread "C2 CompilerThread1" daemon [_thread_blocked, id=2180, stack(0x0000000016bb0000,0x0000000016cb0000)]
=>0x000000001501f800 JavaThread "C2 CompilerThread0" daemon [_thread_in_native, id=15588, stack(0x00000000166b0000,0x00000000167b0000)]
  0x000000001501d000 JavaThread "Attach Listener" daemon [_thread_blocked, id=4180, stack(0x00000000165b0000,0x00000000166b0000)]
  0x0000000015019800 JavaThread "Signal Dispatcher" daemon [_thread_blocked, id=120, stack(0x00000000164b0000,0x00000000165b0000)]
  0x00000000029fb800 JavaThread "Finalizer" daemon [_thread_blocked, id=9768, stack(0x0000000016290000,0x0000000016390000)]
  0x00000000029f2000 JavaThread "Reference Handler" daemon [_thread_blocked, id=15120, stack(0x0000000016190000,0x0000000016290000)]
  0x00000000028fe000 JavaThread "main" [_thread_blocked, id=10024, stack(0x00000000027e0000,0x00000000028e0000)]

Other Threads:
  0x0000000014fe8000 VMThread [stack: 0x0000000016090000,0x0000000016190000] [id=11472]
  0x00000000167ba800 WatcherThread [stack: 0x0000000016eb0000,0x0000000016fb0000] [id=15816]

VM state:not at safepoint (normal execution)

VM Mutex/Monitor currently owned by a thread: None

Heap:
 PSYoungGen      total 18944K, used 6078K [0x00000000eb100000, 0x00000000ed600000, 0x0000000100000000)
  eden space 16384K, 37% used [0x00000000eb100000,0x00000000eb6ef9f8,0x00000000ec100000)
  from space 2560K, 0% used [0x00000000ec380000,0x00000000ec380000,0x00000000ec600000)
  to   space 2560K, 0% used [0x00000000ec100000,0x00000000ec100000,0x00000000ec380000)
 ParOldGen       total 46592K, used 16329K [0x00000000c1200000, 0x00000000c3f80000, 0x00000000eb100000)
  object space 46592K, 35% used [0x00000000c1200000,0x00000000c21f2560,0x00000000c3f80000)
 Metaspace       used 21127K, capacity 21908K, committed 22144K, reserved 1069056K
  class space    used 2868K, capacity 3080K, committed 3200K, reserved 1048576K

Card table byte_map: [0x0000000011dc0000,0x0000000011fc0000] byte_map_base: 0x00000000117b7000

Marking Bits: (ParMarkBitMap*) 0x0000000064af2d00
 Begin Bits: [0x0000000012510000, 0x00000000134c8000)
 End Bits:   [0x00000000134c8000, 0x0000000014480000)

Polling page: 0x0000000000980000

CodeCache: size=245760Kb used=9754Kb max_used=9761Kb free=236005Kb
 bounds [0x0000000002a00000, 0x0000000003390000, 0x0000000011a00000]
 total_blobs=3823 nmethods=3107 adapters=628
 compilation: enabled

Compilation events (10 events):
Event: 33.638 Thread 0x00000000167b3000 nmethod 3112 0x00000000033752d0 code [0x0000000003375420, 0x0000000003375590]
Event: 33.638 Thread 0x00000000167b0800 3115       4       com.sun.javafx.sg.prism.NGNode::doRender (473 bytes)
Event: 33.648 Thread 0x00000000167b3000 3117       3       java.util.concurrent.locks.AbstractQueuedSynchronizer::setHead (16 bytes)
Event: 33.649 Thread 0x00000000167b3000 nmethod 3117 0x0000000003374f10 code [0x0000000003375060, 0x0000000003375210]
Event: 33.649 Thread 0x00000000167b3000 3118       1       javafx.scene.paint.Color::getOpacity (6 bytes)
Event: 33.649 Thread 0x00000000167b3000 nmethod 3118 0x0000000003368050 code [0x00000000033681a0, 0x00000000033682b0]
Event: 33.649 Thread 0x00000000167b3000 3119       1       javafx.scene.Scene$MouseHandler::access$7700 (5 bytes)
Event: 33.649 Thread 0x00000000167b3000 nmethod 3119 0x0000000003374c50 code [0x0000000003374da0, 0x0000000003374e90]
Event: 33.653 Thread 0x00000000167b3000 3120       3       javafx.animation.Animation::getStatus (24 bytes)
Event: 33.653 Thread 0x00000000167b3000 nmethod 3120 0x0000000003374690 code [0x0000000003374800, 0x0000000003374b68]

GC Heap History (10 events):
Event: 4.256 GC heap before
{Heap before GC invocations=1 (full 0):
 PSYoungGen      total 18944K, used 16384K [0x00000000eb100000, 0x00000000ec600000, 0x0000000100000000)
  eden space 16384K, 100% used [0x00000000eb100000,0x00000000ec100000,0x00000000ec100000)
  from space 2560K, 0% used [0x00000000ec380000,0x00000000ec380000,0x00000000ec600000)
  to   space 2560K, 0% used [0x00000000ec100000,0x00000000ec100000,0x00000000ec380000)
 ParOldGen       total 44032K, used 0K [0x00000000c1200000, 0x00000000c3d00000, 0x00000000eb100000)
  object space 44032K, 0% used [0x00000000c1200000,0x00000000c1200000,0x00000000c3d00000)
 Metaspace       used 10432K, capacity 10858K, committed 11008K, reserved 1058816K
  class space    used 1371K, capacity 1495K, committed 1536K, reserved 1048576K
Event: 4.264 GC heap after
Heap after GC invocations=1 (full 0):
 PSYoungGen      total 18944K, used 2531K [0x00000000eb100000, 0x00000000ec600000, 0x0000000100000000)
  eden space 16384K, 0% used [0x00000000eb100000,0x00000000eb100000,0x00000000ec100000)
  from space 2560K, 98% used [0x00000000ec100000,0x00000000ec378e90,0x00000000ec380000)
  to   space 2560K, 0% used [0x00000000ec380000,0x00000000ec380000,0x00000000ec600000)
 ParOldGen       total 44032K, used 442K [0x00000000c1200000, 0x00000000c3d00000, 0x00000000eb100000)
  object space 44032K, 1% used [0x00000000c1200000,0x00000000c126ea18,0x00000000c3d00000)
 Metaspace       used 10432K, capacity 10858K, committed 11008K, reserved 1058816K
  class space    used 1371K, capacity 1495K, committed 1536K, reserved 1048576K
}
Event: 8.014 GC heap before
{Heap before GC invocations=2 (full 0):
 PSYoungGen      total 18944K, used 18915K [0x00000000eb100000, 0x00000000ec600000, 0x0000000100000000)
  eden space 16384K, 100% used [0x00000000eb100000,0x00000000ec100000,0x00000000ec100000)
  from space 2560K, 98% used [0x00000000ec100000,0x00000000ec378e90,0x00000000ec380000)
  to   space 2560K, 0% used [0x00000000ec380000,0x00000000ec380000,0x00000000ec600000)
 ParOldGen       total 44032K, used 442K [0x00000000c1200000, 0x00000000c3d00000, 0x00000000eb100000)
  object space 44032K, 1% used [0x00000000c1200000,0x00000000c126ea18,0x00000000c3d00000)
 Metaspace       used 15557K, capacity 16170K, committed 16384K, reserved 1062912K
  class space    used 2331K, capacity 2469K, committed 2560K, reserved 1048576K
Event: 8.024 GC heap after
Heap after GC invocations=2 (full 0):
 PSYoungGen      total 18944K, used 2528K [0x00000000eb100000, 0x00000000ec600000, 0x0000000100000000)
  eden space 16384K, 0% used [0x00000000eb100000,0x00000000eb100000,0x00000000ec100000)
  from space 2560K, 98% used [0x00000000ec380000,0x00000000ec5f8020,0x00000000ec600000)
  to   space 2560K, 0% used [0x00000000ec100000,0x00000000ec100000,0x00000000ec380000)
 ParOldGen       total 44032K, used 2907K [0x00000000c1200000, 0x00000000c3d00000, 0x00000000eb100000)
  object space 44032K, 6% used [0x00000000c1200000,0x00000000c14d6d30,0x00000000c3d00000)
 Metaspace       used 15557K, capacity 16170K, committed 16384K, reserved 1062912K
  class space    used 2331K, capacity 2469K, committed 2560K, reserved 1048576K
}
Event: 19.757 GC heap before
{Heap before GC invocations=3 (full 0):
 PSYoungGen      total 18944K, used 18912K [0x00000000eb100000, 0x00000000ec600000, 0x0000000100000000)
  eden space 16384K, 100% used [0x00000000eb100000,0x00000000ec100000,0x00000000ec100000)
  from space 2560K, 98% used [0x00000000ec380000,0x00000000ec5f8020,0x00000000ec600000)
  to   space 2560K, 0% used [0x00000000ec100000,0x00000000ec100000,0x00000000ec380000)
 ParOldGen       total 44032K, used 2907K [0x00000000c1200000, 0x00000000c3d00000, 0x00000000eb100000)
  object space 44032K, 6% used [0x00000000c1200000,0x00000000c14d6d30,0x00000000c3d00000)
 Metaspace       used 19981K, capacity 20700K, committed 20992K, reserved 1067008K
  class space    used 2750K, capacity 2970K, committed 3072K, reserved 1048576K
Event: 19.771 GC heap after
Heap after GC invocations=3 (full 0):
 PSYoungGen      total 18944K, used 2528K [0x00000000eb100000, 0x00000000ec600000, 0x0000000100000000)
  eden space 16384K, 0% used [0x00000000eb100000,0x00000000eb100000,0x00000000ec100000)
  from space 2560K, 98% used [0x00000000ec100000,0x00000000ec378050,0x00000000ec380000)
  to   space 2560K, 0% used [0x00000000ec380000,0x00000000ec380000,0x00000000ec600000)
 ParOldGen       total 44032K, used 10396K [0x00000000c1200000, 0x00000000c3d00000, 0x00000000eb100000)
  object space 44032K, 23% used [0x00000000c1200000,0x00000000c1c27098,0x00000000c3d00000)
 Metaspace       used 19981K, capacity 20700K, committed 20992K, reserved 1067008K
  class space    used 2750K, capacity 2970K, committed 3072K, reserved 1048576K
}
Event: 20.377 GC heap before
{Heap before GC invocations=4 (full 0):
 PSYoungGen      total 18944K, used 10012K [0x00000000eb100000, 0x00000000ec600000, 0x0000000100000000)
  eden space 16384K, 45% used [0x00000000eb100000,0x00000000eb84f288,0x00000000ec100000)
  from space 2560K, 98% used [0x00000000ec100000,0x00000000ec378050,0x00000000ec380000)
  to   space 2560K, 0% used [0x00000000ec380000,0x00000000ec380000,0x00000000ec600000)
 ParOldGen       total 44032K, used 10396K [0x00000000c1200000, 0x00000000c3d00000, 0x00000000eb100000)
  object space 44032K, 23% used [0x00000000c1200000,0x00000000c1c27098,0x00000000c3d00000)
 Metaspace       used 20351K, capacity 21062K, committed 21248K, reserved 1067008K
  class space    used 2770K, capacity 2977K, committed 3072K, reserved 1048576K
Event: 20.403 GC heap after
Heap after GC invocations=4 (full 0):
 PSYoungGen      total 18944K, used 2528K [0x00000000eb100000, 0x00000000ed600000, 0x0000000100000000)
  eden space 16384K, 0% used [0x00000000eb100000,0x00000000eb100000,0x00000000ec100000)
  from space 2560K, 98% used [0x00000000ec380000,0x00000000ec5f8030,0x00000000ec600000)
  to   space 2560K, 0% used [0x00000000ec100000,0x00000000ec100000,0x00000000ec380000)
 ParOldGen       total 44032K, used 16615K [0x00000000c1200000, 0x00000000c3d00000, 0x00000000eb100000)
  object space 44032K, 37% used [0x00000000c1200000,0x00000000c2239e60,0x00000000c3d00000)
 Metaspace       used 20351K, capacity 21062K, committed 21248K, reserved 1067008K
  class space    used 2770K, capacity 2977K, committed 3072K, reserved 1048576K
}
Event: 20.403 GC heap before
{Heap before GC invocations=5 (full 1):
 PSYoungGen      total 18944K, used 2528K [0x00000000eb100000, 0x00000000ed600000, 0x0000000100000000)
  eden space 16384K, 0% used [0x00000000eb100000,0x00000000eb100000,0x00000000ec100000)
  from space 2560K, 98% used [0x00000000ec380000,0x00000000ec5f8030,0x00000000ec600000)
  to   space 2560K, 0% used [0x00000000ec100000,0x00000000ec100000,0x00000000ec380000)
 ParOldGen       total 44032K, used 16615K [0x00000000c1200000, 0x00000000c3d00000, 0x00000000eb100000)
  object space 44032K, 37% used [0x00000000c1200000,0x00000000c2239e60,0x00000000c3d00000)
 Metaspace       used 20351K, capacity 21062K, committed 21248K, reserved 1067008K
  class space    used 2770K, capacity 2977K, committed 3072K, reserved 1048576K
Event: 20.471 GC heap after
Heap after GC invocations=5 (full 1):
 PSYoungGen      total 18944K, used 0K [0x00000000eb100000, 0x00000000ed600000, 0x0000000100000000)
  eden space 16384K, 0% used [0x00000000eb100000,0x00000000eb100000,0x00000000ec100000)
  from space 2560K, 0% used [0x00000000ec380000,0x00000000ec380000,0x00000000ec600000)
  to   space 2560K, 0% used [0x00000000ec100000,0x00000000ec100000,0x00000000ec380000)
 ParOldGen       total 46592K, used 16329K [0x00000000c1200000, 0x00000000c3f80000, 0x00000000eb100000)
  object space 46592K, 35% used [0x00000000c1200000,0x00000000c21f2560,0x00000000c3f80000)
 Metaspace       used 20351K, capacity 21062K, committed 21248K, reserved 1067008K
  class space    used 2770K, capacity 2977K, committed 3072K, reserved 1048576K
}

Deoptimization events (10 events):
Event: 20.552 Thread 0x0000000016b97000 Uncommon trap: reason=predicate action=maybe_recompile pc=0x0000000002fe9174 method=java.util.ArrayList.remove(Ljava/lang/Object;)Z @ 49
Event: 20.585 Thread 0x0000000016b70000 Uncommon trap: reason=unstable_if action=reinterpret pc=0x0000000003014610 method=com.sun.prism.impl.ps.BaseShaderContext.setRenderTarget(Lcom/sun/prism/RenderTarget;Lcom/sun/javafx/sg/prism/NGCamera;ZZ)V @ 54
Event: 20.586 Thread 0x0000000016b70000 Uncommon trap: reason=class_check action=maybe_recompile pc=0x0000000003059eb0 method=com.sun.javafx.font.CompositeStrike.getStrikeSlot(I)Lcom/sun/javafx/font/FontStrike; @ 16
Event: 20.641 Thread 0x0000000016b70000 Uncommon trap: reason=class_check action=maybe_recompile pc=0x0000000003059eb0 method=com.sun.javafx.font.CompositeStrike.getStrikeSlot(I)Lcom/sun/javafx/font/FontStrike; @ 16
Event: 20.642 Thread 0x0000000016b70000 Uncommon trap: reason=unstable_if action=reinterpret pc=0x00000000030e5384 method=com.sun.prism.impl.GlyphCache.getCachedGlyph(II)Lcom/sun/prism/impl/GlyphCache$GlyphData; @ 366
Event: 30.327 Thread 0x0000000016b97000 Uncommon trap: reason=array_check action=maybe_recompile pc=0x00000000032cb8cc method=com.sun.javafx.css.SimpleSelector.applies(Ljavafx/css/Styleable;[Ljava/util/Set;I)Z @ 37
Event: 30.327 Thread 0x0000000016b97000 Uncommon trap: reason=array_check action=maybe_recompile pc=0x00000000032cb8cc method=com.sun.javafx.css.SimpleSelector.applies(Ljavafx/css/Styleable;[Ljava/util/Set;I)Z @ 37
Event: 30.327 Thread 0x0000000016b97000 Uncommon trap: reason=array_check action=maybe_recompile pc=0x00000000032cb8cc method=com.sun.javafx.css.SimpleSelector.applies(Ljavafx/css/Styleable;[Ljava/util/Set;I)Z @ 37
Event: 30.327 Thread 0x0000000016b97000 Uncommon trap: reason=array_check action=maybe_recompile pc=0x00000000032cb8cc method=com.sun.javafx.css.SimpleSelector.applies(Ljavafx/css/Styleable;[Ljava/util/Set;I)Z @ 37
Event: 30.366 Thread 0x0000000016b97000 Uncommon trap: reason=unstable_if action=reinterpret pc=0x00000000030718f0 method=com.sun.javafx.geom.transform.AffineBase.updateState2D()V @ 33

Classes redefined (0 events):
No events

Internal exceptions (10 events):
Event: 3.380 Thread 0x0000000016b97000 Exception <a 'java/lang/NullPointerException'> (0x00000000ebcf00d8) thrown at [C:\re\workspace\8-2-build-windows-amd64-cygwin\jdk8u181\11358\hotspot\src\share\vm\prims\jvm.cpp, line 1439]
Event: 3.886 Thread 0x0000000016b97000 Exception <a 'java/lang/ArrayIndexOutOfBoundsException'> (0x00000000ebf0d3d8) thrown at [C:\re\workspace\8-2-build-windows-amd64-cygwin\jdk8u181\11358\hotspot\src\share\vm\runtime\sharedRuntime.cpp, line 605]
Event: 3.887 Thread 0x0000000016b97000 Exception <a 'java/lang/ArrayIndexOutOfBoundsException'> (0x00000000ebf0e0d8) thrown at [C:\re\workspace\8-2-build-windows-amd64-cygwin\jdk8u181\11358\hotspot\src\share\vm\runtime\sharedRuntime.cpp, line 605]
Event: 3.887 Thread 0x0000000016b97000 Exception <a 'java/lang/ArrayIndexOutOfBoundsException'> (0x00000000ebf0f480) thrown at [C:\re\workspace\8-2-build-windows-amd64-cygwin\jdk8u181\11358\hotspot\src\share\vm\runtime\sharedRuntime.cpp, line 605]
Event: 6.903 Thread 0x0000000016b97000 Implicit null exception at 0x0000000002d212f5 to 0x0000000002d21505
Event: 6.903 Thread 0x0000000016b97000 Implicit null exception at 0x0000000002d19c98 to 0x0000000002d19d26
Event: 6.911 Thread 0x0000000016b97000 Implicit null exception at 0x0000000002ccf1ef to 0x0000000002ccf259
Event: 18.739 Thread 0x0000000016b97000 Implicit null exception at 0x0000000002cf64d7 to 0x0000000002cf68c1
Event: 20.090 Thread 0x0000000016b97000 Exception <a 'java/lang/ArrayIndexOutOfBoundsException'> (0x00000000eb19a0b8) thrown at [C:\re\workspace\8-2-build-windows-amd64-cygwin\jdk8u181\11358\hotspot\src\share\vm\runtime\sharedRuntime.cpp, line 605]
Event: 20.291 Thread 0x0000000016b97000 Exception <a 'java/lang/ArrayIndexOutOfBoundsException'> (0x00000000eb4f2420) thrown at [C:\re\workspace\8-2-build-windows-amd64-cygwin\jdk8u181\11358\hotspot\src\share\vm\runtime\sharedRuntime.cpp, line 605]

Events (10 events):
Event: 33.476 loading class sun/util/locale/provider/RuleBasedBreakIterator$1
Event: 33.477 loading class sun/util/locale/provider/RuleBasedBreakIterator$1 done
Event: 33.481 loading class sun/text/CompactByteArray
Event: 33.492 loading class sun/text/CompactByteArray done
Event: 33.493 loading class sun/text/SupplementaryCharacterData
Event: 33.493 loading class sun/text/SupplementaryCharacterData done
Event: 33.493 loading class java/text/BreakIterator$BreakIteratorCache
Event: 33.493 loading class java/text/BreakIterator$BreakIteratorCache done
Event: 33.493 loading class java/text/StringCharacterIterator
Event: 33.494 loading class java/text/StringCharacterIterator done


Dynamic libraries:
0x00007ff671350000 - 0x00007ff671387000 	C:\Program Files\Java\jdk1.8.0_181\jre\bin\java.exe
0x00007ffdd2d30000 - 0x00007ffdd2f11000 	C:\WINDOWS\SYSTEM32\ntdll.dll
0x00007ffdd0b20000 - 0x00007ffdd0bd1000 	C:\WINDOWS\System32\KERNEL32.DLL
0x00007ffdcf910000 - 0x00007ffdcfb83000 	C:\WINDOWS\System32\KERNELBASE.dll
0x00007ffdd01c0000 - 0x00007ffdd0261000 	C:\WINDOWS\System32\ADVAPI32.dll
0x00007ffdd2c00000 - 0x00007ffdd2c9e000 	C:\WINDOWS\System32\msvcrt.dll
0x00007ffdd2ca0000 - 0x00007ffdd2cfb000 	C:\WINDOWS\System32\sechost.dll
0x00007ffdd2760000 - 0x00007ffdd2884000 	C:\WINDOWS\System32\RPCRT4.dll
0x00007ffdd2280000 - 0x00007ffdd2410000 	C:\WINDOWS\System32\USER32.dll
0x00007ffdcfc10000 - 0x00007ffdcfc30000 	C:\WINDOWS\System32\win32u.dll
0x00007ffdd0370000 - 0x00007ffdd0398000 	C:\WINDOWS\System32\GDI32.dll
0x00007ffdcfe30000 - 0x00007ffdcffc2000 	C:\WINDOWS\System32\gdi32full.dll
0x00007ffdcf160000 - 0x00007ffdcf1ff000 	C:\WINDOWS\System32\msvcp_win.dll
0x00007ffdcfd30000 - 0x00007ffdcfe28000 	C:\WINDOWS\System32\ucrtbase.dll
0x00007ffdb1800000 - 0x00007ffdb1a69000 	C:\WINDOWS\WinSxS\amd64_microsoft.windows.common-controls_6595b64144ccf1df_6.0.17134.706_none_fb43a2cb30647007\COMCTL32.dll
0x00007ffdd2430000 - 0x00007ffdd2752000 	C:\WINDOWS\System32\combase.dll
0x00007ffdcfb90000 - 0x00007ffdcfc0a000 	C:\WINDOWS\System32\bcryptPrimitives.dll
0x00007ffdd0400000 - 0x00007ffdd042d000 	C:\WINDOWS\System32\IMM32.DLL
0x00000000641f0000 - 0x00000000642c2000 	C:\Program Files\Java\jdk1.8.0_181\jre\bin\msvcr100.dll
0x00000000642d0000 - 0x0000000064b72000 	C:\Program Files\Java\jdk1.8.0_181\jre\bin\server\jvm.dll
0x00007ffdd0360000 - 0x00007ffdd0368000 	C:\WINDOWS\System32\PSAPI.DLL
0x00007ffdc3250000 - 0x00007ffdc3259000 	C:\WINDOWS\SYSTEM32\WSOCK32.dll
0x00007ffdc4140000 - 0x00007ffdc4163000 	C:\WINDOWS\SYSTEM32\WINMM.dll
0x00007ffdc4170000 - 0x00007ffdc417a000 	C:\WINDOWS\SYSTEM32\VERSION.dll
0x00007ffdd29f0000 - 0x00007ffdd2a5c000 	C:\WINDOWS\System32\WS2_32.dll
0x00007ffdc4110000 - 0x00007ffdc413a000 	C:\WINDOWS\SYSTEM32\winmmbase.dll
0x00007ffdcfc30000 - 0x00007ffdcfc79000 	C:\WINDOWS\System32\cfgmgr32.dll
0x00000000641a0000 - 0x00000000641af000 	C:\Program Files\Java\jdk1.8.0_181\jre\bin\verify.dll
0x0000000064170000 - 0x0000000064199000 	C:\Program Files\Java\jdk1.8.0_181\jre\bin\java.dll
0x0000000064150000 - 0x0000000064166000 	C:\Program Files\Java\jdk1.8.0_181\jre\bin\zip.dll
0x00007ffdd0be0000 - 0x00007ffdd2020000 	C:\WINDOWS\System32\SHELL32.dll
0x00007ffdd2100000 - 0x00007ffdd21a9000 	C:\WINDOWS\System32\shcore.dll
0x00007ffdcf200000 - 0x00007ffdcf90d000 	C:\WINDOWS\System32\windows.storage.dll
0x00007ffdd21c0000 - 0x00007ffdd2211000 	C:\WINDOWS\System32\shlwapi.dll
0x00007ffdcf0c0000 - 0x00007ffdcf0d1000 	C:\WINDOWS\System32\kernel.appcore.dll
0x00007ffdcf0a0000 - 0x00007ffdcf0bf000 	C:\WINDOWS\System32\profapi.dll
0x00007ffdcf040000 - 0x00007ffdcf08c000 	C:\WINDOWS\System32\powrprof.dll
0x00007ffdcf090000 - 0x00007ffdcf09a000 	C:\WINDOWS\System32\FLTLIB.DLL
0x0000000000ee0000 - 0x0000000000ee3000 	C:\Program Files\Java\jdk1.8.0_181\jre\bin\api-ms-win-core-console-l1-1-0.dll
0x0000000000ef0000 - 0x0000000000ef3000 	C:\Program Files\Java\jdk1.8.0_181\jre\bin\api-ms-win-core-datetime-l1-1-0.dll
0x0000000000f00000 - 0x0000000000f03000 	C:\Program Files\Java\jdk1.8.0_181\jre\bin\api-ms-win-core-debug-l1-1-0.dll
0x0000000000f10000 - 0x0000000000f13000 	C:\Program Files\Java\jdk1.8.0_181\jre\bin\api-ms-win-core-errorhandling-l1-1-0.dll
0x00000000028e0000 - 0x00000000028e4000 	C:\Program Files\Java\jdk1.8.0_181\jre\bin\api-ms-win-core-file-l1-1-0.dll
0x0000000016fb0000 - 0x0000000016fb3000 	C:\Program Files\Java\jdk1.8.0_181\jre\bin\api-ms-win-core-file-l1-2-0.dll
0x0000000016fc0000 - 0x0000000016fc3000 	C:\Program Files\Java\jdk1.8.0_181\jre\bin\api-ms-win-core-file-l2-1-0.dll
0x0000000016fd0000 - 0x0000000016fd3000 	C:\Program Files\Java\jdk1.8.0_181\jre\bin\api-ms-win-core-handle-l1-1-0.dll
0x0000000016fe0000 - 0x0000000016fe3000 	C:\Program Files\Java\jdk1.8.0_181\jre\bin\api-ms-win-core-heap-l1-1-0.dll
0x0000000016ff0000 - 0x0000000016ff3000 	C:\Program Files\Java\jdk1.8.0_181\jre\bin\api-ms-win-core-interlocked-l1-1-0.dll
0x0000000017000000 - 0x0000000017003000 	C:\Program Files\Java\jdk1.8.0_181\jre\bin\api-ms-win-core-libraryloader-l1-1-0.dll
0x0000000017010000 - 0x0000000017013000 	C:\Program Files\Java\jdk1.8.0_181\jre\bin\api-ms-win-core-localization-l1-2-0.dll
0x0000000017020000 - 0x0000000017023000 	C:\Program Files\Java\jdk1.8.0_181\jre\bin\api-ms-win-core-memory-l1-1-0.dll
0x0000000017030000 - 0x0000000017033000 	C:\Program Files\Java\jdk1.8.0_181\jre\bin\api-ms-win-core-namedpipe-l1-1-0.dll
0x0000000017040000 - 0x0000000017043000 	C:\Program Files\Java\jdk1.8.0_181\jre\bin\api-ms-win-core-processenvironment-l1-1-0.dll
0x0000000017050000 - 0x0000000017053000 	C:\Program Files\Java\jdk1.8.0_181\jre\bin\api-ms-win-core-processthreads-l1-1-0.dll
0x0000000017060000 - 0x0000000017063000 	C:\Program Files\Java\jdk1.8.0_181\jre\bin\api-ms-win-core-processthreads-l1-1-1.dll
0x0000000017070000 - 0x0000000017073000 	C:\Program Files\Java\jdk1.8.0_181\jre\bin\api-ms-win-core-profile-l1-1-0.dll
0x0000000017080000 - 0x0000000017083000 	C:\Program Files\Java\jdk1.8.0_181\jre\bin\api-ms-win-core-rtlsupport-l1-1-0.dll
0x0000000017090000 - 0x0000000017093000 	C:\Program Files\Java\jdk1.8.0_181\jre\bin\api-ms-win-core-string-l1-1-0.dll
0x00000000170a0000 - 0x00000000170a3000 	C:\Program Files\Java\jdk1.8.0_181\jre\bin\api-ms-win-core-synch-l1-1-0.dll
0x00000000170b0000 - 0x00000000170b3000 	C:\Program Files\Java\jdk1.8.0_181\jre\bin\api-ms-win-core-synch-l1-2-0.dll
0x00000000170c0000 - 0x00000000170c3000 	C:\Program Files\Java\jdk1.8.0_181\jre\bin\api-ms-win-core-sysinfo-l1-1-0.dll
0x00000000170d0000 - 0x00000000170d3000 	C:\Program Files\Java\jdk1.8.0_181\jre\bin\api-ms-win-core-timezone-l1-1-0.dll
0x00000000170e0000 - 0x00000000170e3000 	C:\Program Files\Java\jdk1.8.0_181\jre\bin\api-ms-win-core-util-l1-1-0.dll
0x00000000170f0000 - 0x00000000170f3000 	C:\Program Files\Java\jdk1.8.0_181\jre\bin\api-ms-win-crt-conio-l1-1-0.dll
0x0000000017100000 - 0x0000000017104000 	C:\Program Files\Java\jdk1.8.0_181\jre\bin\api-ms-win-crt-convert-l1-1-0.dll
0x0000000017110000 - 0x0000000017113000 	C:\Program Files\Java\jdk1.8.0_181\jre\bin\api-ms-win-crt-environment-l1-1-0.dll
0x0000000017120000 - 0x0000000017123000 	C:\Program Files\Java\jdk1.8.0_181\jre\bin\api-ms-win-crt-filesystem-l1-1-0.dll
0x0000000017130000 - 0x0000000017133000 	C:\Program Files\Java\jdk1.8.0_181\jre\bin\api-ms-win-crt-heap-l1-1-0.dll
0x0000000017140000 - 0x0000000017143000 	C:\Program Files\Java\jdk1.8.0_181\jre\bin\api-ms-win-crt-locale-l1-1-0.dll
0x0000000017150000 - 0x0000000017155000 	C:\Program Files\Java\jdk1.8.0_181\jre\bin\api-ms-win-crt-math-l1-1-0.dll
0x0000000017160000 - 0x0000000017165000 	C:\Program Files\Java\jdk1.8.0_181\jre\bin\api-ms-win-crt-multibyte-l1-1-0.dll
0x0000000017170000 - 0x0000000017180000 	C:\Program Files\Java\jdk1.8.0_181\jre\bin\api-ms-win-crt-private-l1-1-0.dll
0x0000000017180000 - 0x0000000017183000 	C:\Program Files\Java\jdk1.8.0_181\jre\bin\api-ms-win-crt-process-l1-1-0.dll
0x0000000017190000 - 0x0000000017194000 	C:\Program Files\Java\jdk1.8.0_181\jre\bin\api-ms-win-crt-runtime-l1-1-0.dll
0x00000000171a0000 - 0x00000000171a4000 	C:\Program Files\Java\jdk1.8.0_181\jre\bin\api-ms-win-crt-stdio-l1-1-0.dll
0x00000000171b0000 - 0x00000000171b4000 	C:\Program Files\Java\jdk1.8.0_181\jre\bin\api-ms-win-crt-string-l1-1-0.dll
0x00000000171c0000 - 0x00000000171c3000 	C:\Program Files\Java\jdk1.8.0_181\jre\bin\api-ms-win-crt-time-l1-1-0.dll
0x00000000171d0000 - 0x00000000171d3000 	C:\Program Files\Java\jdk1.8.0_181\jre\bin\api-ms-win-crt-utility-l1-1-0.dll
0x00007ffdaf960000 - 0x00007ffdafa56000 	C:\Program Files\Java\jdk1.8.0_181\jre\bin\ucrtbase.dll
0x00007ffdc4890000 - 0x00007ffdc48a6000 	C:\Program Files\Java\jdk1.8.0_181\jre\bin\vcruntime140.dll
0x00007ffdc3b90000 - 0x00007ffdc3c2c000 	C:\Program Files\Java\jdk1.8.0_181\jre\bin\msvcp140.dll
0x00007ffdac7f0000 - 0x00007ffdac841000 	C:\Program Files\Java\jdk1.8.0_181\jre\bin\concrt140.dll
0x0000000063e60000 - 0x0000000063e83000 	C:\Program Files\Java\jdk1.8.0_181\jre\bin\prism_d3d.dll
0x00007ffd88920000 - 0x00007ffd88ab7000 	C:\WINDOWS\system32\d3d9.dll
0x00007ffdcd700000 - 0x00007ffdcd729000 	C:\WINDOWS\SYSTEM32\dwmapi.dll
0x00007ffdcd630000 - 0x00007ffdcd6c8000 	C:\WINDOWS\system32\uxtheme.dll
0x00007ffd833c0000 - 0x00007ffd858fd000 	C:\WINDOWS\SYSTEM32\igdumdim64.dll
0x00007ffdd2020000 - 0x00007ffdd20e2000 	C:\WINDOWS\System32\OLEAUT32.dll
0x00007ffdd2890000 - 0x00007ffdd29e1000 	C:\WINDOWS\System32\ole32.dll
0x00007ffdd0550000 - 0x00007ffdd099b000 	C:\WINDOWS\System32\SETUPAPI.dll
0x0000000063400000 - 0x0000000063449000 	C:\Program Files\Java\jdk1.8.0_181\jre\bin\glass.dll
0x00007ffdd0270000 - 0x00007ffdd035d000 	C:\WINDOWS\System32\COMDLG32.dll
0x00007ffdd09a0000 - 0x00007ffdd0b13000 	C:\WINDOWS\System32\MSCTF.dll
0x00007ffdadd00000 - 0x00007ffdae73f000 	C:\WINDOWS\SYSTEM32\igdusc64.dll
0x00007ffdc3eb0000 - 0x00007ffdc3ec9000 	C:\Program Files (x86)\Smadav\SmadHook64.dll
0x00000000633d0000 - 0x00000000633f3000 	C:\Program Files\Java\jdk1.8.0_181\jre\bin\javafx_iio.dll
0x00000000633b0000 - 0x00000000633c4000 	C:\Program Files\Java\jdk1.8.0_181\jre\bin\javafx_font.dll
0x00007ffdac850000 - 0x00007ffdacb6c000 	C:\WINDOWS\SYSTEM32\dwrite.dll
0x00007ffdd0430000 - 0x00007ffdd04d0000 	C:\WINDOWS\System32\clbcatq.dll
0x00007ffdc0950000 - 0x00007ffdc0afe000 	C:\WINDOWS\SYSTEM32\WindowsCodecs.dll
0x00007ffd9f470000 - 0x00007ffd9f4c8000 	C:\WINDOWS\system32\dataexchange.dll
0x00007ffdcb8a0000 - 0x00007ffdcbbab000 	C:\WINDOWS\system32\d3d11.dll
0x00007ffdcc5b0000 - 0x00007ffdcc74c000 	C:\WINDOWS\system32\dcomp.dll
0x00007ffdcdb30000 - 0x00007ffdcdbeb000 	C:\WINDOWS\system32\dxgi.dll
0x00007ffdcd2f0000 - 0x00007ffdcd4a8000 	C:\WINDOWS\system32\twinapi.appcore.dll
0x00007ffdcd2c0000 - 0x00007ffdcd2e9000 	C:\WINDOWS\system32\RMCLIENT.dll
0x00007ffda8620000 - 0x00007ffda8654000 	C:\Program Files\Common Files\Microsoft Shared\Ink\rtscom.dll
0x00007ffdc9d60000 - 0x00007ffdc9df6000 	C:\WINDOWS\System32\TextInputFramework.dll
0x00007ffdc0b00000 - 0x00007ffdc0e1e000 	C:\WINDOWS\System32\CoreUIComponents.dll
0x00007ffdcca90000 - 0x00007ffdccb6a000 	C:\WINDOWS\System32\CoreMessaging.dll
0x00007ffdce130000 - 0x00007ffdce161000 	C:\WINDOWS\SYSTEM32\ntmarta.dll
0x00007ffdcb270000 - 0x00007ffdcb3bd000 	C:\WINDOWS\SYSTEM32\wintypes.dll
0x0000000063390000 - 0x00000000633a2000 	C:\Program Files\Java\jdk1.8.0_181\jre\bin\prism_common.dll
0x00007ffdcbfe0000 - 0x00007ffdcc5a7000 	C:\WINDOWS\SYSTEM32\d2d1.dll
0x00007ffd97780000 - 0x00007ffd97efe000 	C:\WINDOWS\SYSTEM32\D3D10Warp.dll
0x0000000064130000 - 0x000000006414a000 	C:\Program Files\Java\jdk1.8.0_181\jre\bin\net.dll
0x00007ffdce860000 - 0x00007ffdce8c6000 	C:\WINDOWS\system32\mswsock.dll
0x00007ffdce620000 - 0x00007ffdce6de000 	C:\WINDOWS\SYSTEM32\DNSAPI.dll
0x00007ffdd20f0000 - 0x00007ffdd20f8000 	C:\WINDOWS\System32\NSI.dll
0x00007ffdce5e0000 - 0x00007ffdce618000 	C:\WINDOWS\SYSTEM32\IPHLPAPI.DLL
0x00007ffdc5310000 - 0x00007ffdc531a000 	C:\Windows\System32\rasadhlp.dll
0x00007ffdc5af0000 - 0x00007ffdc5b62000 	C:\WINDOWS\System32\fwpuclnt.dll
0x00007ffdceb40000 - 0x00007ffdceb65000 	C:\WINDOWS\SYSTEM32\bcrypt.dll

VM Arguments:
jvm_args: -Dfile.encoding=UTF-8 
java_command: C:\Users\zied\Documents\NetBeansProjects\EcoSystem\dist\run899831491\EcoSystem.jar
java_class_path (initial): C:\Users\zied\Documents\NetBeansProjects\EcoSystem\dist\run899831491\EcoSystem.jar
Launcher Type: SUN_STANDARD

Environment Variables:
PATH=C:\oraclexe\app\oracle\product\11.2.0\server\bin;C:\wamp\bin\php\php5.5.12;C:\WINDOWS\system32\config\systemprofile\.dnx\bin;C:\Program Files\Microsoft DNX\Dnvm\;C:\Program Files\Microsoft SQL Server\120\Tools\Binn\;C:\Program Files\Microsoft SQL Server\130\Tools\Binn\;C:\Program Files\dotnet\;C:\ProgramData\ComposerSetup\bin;C:\Program Files\Git\cmd;C:\Users\zied\AppData\Local\Microsoft\WindowsApps;C:\composer;C:\Users\zied\AppData\Roaming\Composer\vendor\bin
USERNAME=zied
OS=Windows_NT
PROCESSOR_IDENTIFIER=Intel64 Family 6 Model 61 Stepping 4, GenuineIntel



---------------  S Y S T E M  ---------------

OS: Windows 10.0 , 64 bit Build 17134 (10.0.17134.706)

CPU:total 4 (initial active 4) (2 cores per cpu, 2 threads per core) family 6 model 61 stepping 4, cmov, cx8, fxsr, mmx, sse, sse2, sse3, ssse3, sse4.1, sse4.2, popcnt, avx, avx2, aes, clmul, erms, 3dnowpref, lzcnt, ht, tsc, tscinvbit, bmi1, bmi2, adx

Memory: 4k page, physical 4112492k(494632k free), swap 16695404k(3116k free)

vm_info: Java HotSpot(TM) 64-Bit Server VM (25.181-b13) for windows-amd64 JRE (1.8.0_181-b13), built on Jul  7 2018 04:01:33 by "java_re" with MS VC++ 10.0 (VS2010)

time: Mon Apr 15 19:52:59 2019
elapsed time: 33 seconds (0d 0h 0m 33s)

